<?xml version="1.0" encoding="UTF-8"?>
<!-- Generated by org.testng.reporters.JUnitReportReporter -->
<testsuite skipped="0" hostname="AKHILESG-IN" name="APITestCases.CurrentTemperatureTestCases" tests="1" failures="0" timestamp="16 Nov 2020 14:32:27 GMT" time="5.744" errors="0">
  <testcase name="testTempUsingAPI" time="5.744" classname="APITestCases.CurrentTemperatureTestCases"/>
</testsuite> <!-- APITestCases.CurrentTemperatureTestCases -->
