<?xml version="1.0" encoding="UTF-8"?>
<!-- Generated by org.testng.reporters.JUnitReportReporter -->
<testsuite skipped="0" hostname="AKHILESG-IN" name="APITestCases.CurrentTemperature" tests="1" failures="0" timestamp="15 Nov 2020 16:43:57 GMT" time="2.970" errors="0">
  <testcase name="testTempUsingAPI" time="2.970" classname="APITestCases.CurrentTemperature"/>
</testsuite> <!-- APITestCases.CurrentTemperature -->
